--- 04-03-2021 [20:03] Initialized Logger ---
INFO | --- Setting up application ---
	INFO | Main -> Setting up
		INFO | Deactivating audio player mode...
		INFO | Updating main window...
	INFO | Settings -> Setting up
		INFO | Loading data...
		INFO | Clearing Command Line...
		INFO | Loading page with index 0
			INFO | Updating settings window...
				INFO | Updating: "Seperation Settings" page
				INFO | Updating: "Shortcuts" page
				INFO | Updating: "Customization" page
				INFO | Updating: "Preferences" page
		INFO | Translating to german...
			INFO | Main: Retranslating UI
			INFO | Settings: Retranslating UI
			INFO | Presets: Retranslating UI
	INFO | --- Finished setup ---
	INFO | Updating: "Seperation Settings" page
INFO | Opening settings window...
INFO | Updating: "Seperation Settings" page
INFO | Seperation button pressed
INFO | Successful extraction of seperation data!
	Extracted Values:
	OrderedDict([('input_paths', ['B:/boska/Desktop/Test inference/Part 1.mp3']),
             ('export_path', 'B:/boska/Desktop'), ('gpuConversion', False),
             ('postProcess', True), ('tta', True), ('outputImage', False),
             ('stackOnly', False), ('saveAllStacked', False),
             ('modelFolder', False), ('customParameters', False),
             ('multithreading', False), ('save_instrumentals', False),
             ('save_vocals', False), ('useModel', 'instrumental'),
             ('instrumentalModel',
              'b:\\boska\\Documents\\Dilan\\GitHub\\ultimatevocalremovergui\\src\\resources\\user\\models\\v4\\Main '
              'Models\\MGM_HIGHEND_v4_sr44100_hl1024_nf2048.pth'),
             ('vocalModel', ''),
             ('stackModel',
              'b:\\boska\\Documents\\Dilan\\GitHub\\ultimatevocalremovergui\\src\\resources\\user\\models\\v4\\Stacked '
              'Models\\StackedMGM_LL_v4_sr32000_hl512_nf2048.pth'),
             ('sr', 44100), ('hop_length', 1024), ('window_size', 320),
             ('n_fft', 2048), ('sr_stacked', 32000),
             ('hop_length_stacked', 512), ('window_size_stacked', 320),
             ('n_fft_stacked', 2048), ('stackPasses', 0),
             ('resType', 'kaiser_fast')])
INFO | ----- The seperation has started! -----
INFO | Deactivating audio player mode...
INFO | Loading models...
INFO | File 1/1:  Loading wave source...
INFO | File 1/1:  Stft of wave source...
INFO | Opening settings window...
INFO | Loading page with index 3
	INFO | Updating: "Seperation Settings" page
INFO | Updating: "Preferences" page
INFO | Changing Command mode...
	INFO | Updating: "Preferences" page
	INFO | Clearing Command Line...
INFO | Opening settings window...
INFO | Loading page with index 0
	INFO | Updating: "Seperation Settings" page
INFO | Updating: "Preferences" page
INFO | Updating: "Seperation Settings" page
INFO | Loading page with index 1
	INFO | Updating: "Seperation Settings" page
INFO | Updating: "Preferences" page
INFO | Updating: "Seperation Settings" page
INFO | Updating: "Shortcuts" page
INFO | Loading page with index 2
	INFO | Updating: "Seperation Settings" page
INFO | Updating: "Preferences" page
INFO | Updating: "Seperation Settings" page
INFO | Updating: "Shortcuts" page
INFO | Updating: "Customization" page
INFO | Loading page with index 3
	INFO | Updating: "Seperation Settings" page
INFO | Updating: "Preferences" page
INFO | Updating: "Seperation Settings" page
INFO | Updating: "Shortcuts" page
INFO | Updating: "Customization" page
INFO | Updating: "Preferences" page
INFO | File 1/1:  Post processing...
INFO | File 1/1:  Inverse stft of instruments and vocals...
ERROR | An Exception has occurred!
Traceback (most recent call last):
  File "b:\boska\Documents\Dilan\GitHub\ultimatevocalremovergui\src\inference\converter_v4.py", line 851, in run
    self.seperate_files()
  File "b:\boska\Documents\Dilan\GitHub\ultimatevocalremovergui\src\inference\converter_v4.py", line 161, in seperate_files
    file_num)
  File "b:\boska\Documents\Dilan\GitHub\ultimatevocalremovergui\src\inference\converter_v4.py", line 362, in _seperate
    self._save_files()
  File "b:\boska\Documents\Dilan\GitHub\ultimatevocalremovergui\src\inference\converter_v4.py", line 883, in _save_files
    if self.loop_data['loop_num'] == (self.loop_data['total_loops'] - 1): # Last loop
KeyError: 'total_loops'
INFO | File 1/1:  Saving Files...
WARNING | ----- The seperation has failed! -----
INFO | --- Closing application ---
	INFO | Saving application data...
	INFO | Closing windows...
INFO | --- Done! ---
